{"uid":"ecf13b620989ac01","name":"Авторизация с помощью аккаунта ya.ru","fullName":"tests.test_sign_in.test_sign_in_page.TestSignInPage#test_positive_authorization_first_time_using_YA_smoke","historyId":"dad914aa68b78287aa131957fc42820c","time":{"start":1692146302662,"stop":1692146327971,"duration":25309},"status":"skipped","statusMessage":"XFAIL Появляется капча Яндекса при запуске теста на Github\n\nselenium.common.exceptions.TimeoutException: Message:","statusTrace":"self = <tests.test_sign_in.test_sign_in_page.TestSignInPage object at 0x7f35a892f3d0>\ndriver = <selenium.webdriver.chrome.webdriver.WebDriver (session=\"3666fd0804c764cd793d76289417d1d0\")>\nsign_in_page = <pages.sign_in_page.SignInPage object at 0x7f35a898da10>\nopen_sign_in_window = None\n\n    @allure.title(\"Авторизация с помощью аккаунта ya.ru\")\n    @pytest.mark.xfail(reason=\"Появляется капча Яндекса при запуске теста на Github\")\n    @pytest.mark.smoke_test\n    def test_positive_authorization_first_time_using_YA_smoke(self, driver, sign_in_page, open_sign_in_window):\n        sign_in_page.get_ya_ru_auth_icon().click()\n        driver.switch_to.window(driver.window_handles[1])\n        # driver.delete_all_cookies()\n        driver.add_cookie({'name': 'uniqueuid',\n                           'value': '384528911692006899',\n                           'domain': 'passport.yandex.ru',\n                           'httpOnly': True,\n                           'path': '/',\n                           'expiry': 1723499808,\n                           'sameSite': 'Lax',\n                           'secure': True})\n        driver.add_cookie({'name': 'ymex',\n                           'value': '2007366920.yrts.1692006920#2007366900.yrtsi.1692006900',\n                           'domain': '.yandex.ru',\n                           'httpOnly': False,\n                           'path': '/',\n                           'expiry': 1723499808,\n                           'secure': True})\n        driver.add_cookie({'name': 'i',\n                           'value': 'rpEp6ASpcmkXAketS0UdMiVBT6ovBbPtyYRYZIsRWdkwRjrAU27Q2rmgTx58XJTCF6sreSZhfheTbJeEsS',\n                           'domain': '.yandex.ru',\n                           'httpOnly': True,\n                           'path': '/',\n                           'expiry': 1723499808,\n                           'secure': True})\n        driver.add_cookie({'name': 'yandexuid',\n                           'value': '5114601221692006901',\n                           'domain': '.yandex.ru',\n                           'httpOnly': False,\n                           'path': '/',\n                           'expiry': 1723499808,\n                           'secure': True})\n        driver.add_cookie({'name': 'yuidss',\n                           'value': '7640250911692006900',\n                           'domain': '.yandex.ru',\n                           'httpOnly': False,\n                           'path': '/',\n                           'expiry': 1723499808,\n                           'secure': True})\n        driver.add_cookie({'name': 'gdpr',\n                           'value': '0',\n                           'domain': '.yandex.ru',\n                           'httpOnly': False,\n                           'path': '/',\n                           'expiry': 1723499808,\n                           'secure': True})\n        driver.add_cookie({'name': '_ym_uid',\n                           'value': '169200690291832112',\n                           'domain': '.yandex.ru',\n                           'httpOnly': False,\n                           'path': '/',\n                           'expiry': 1723499808,\n                           'secure': True})\n        driver.add_cookie({'name': '_ym_d',\n                           'value': '1692006902',\n                           'domain': '.yandex.ru',\n                           'httpOnly': False,\n                           'path': '/',\n                           'expiry': 1723499808,\n                           'secure': True})\n        driver.add_cookie({'name': 'bh',\n                           'value': 'Ej8iTm90L0EpQnJhbmQiO3Y9Ijk5IiwiR29vZ2xlIENocm9tZSI7dj0iMTE1IiwiQ2hyb21pdW0iO3Y9IjExNSIaBSJ4ODYiIhAiMTE1LjAuNTc5MC4xMTAiKgI',\n                           'domain': 'yandex.ru',\n                           'httpOnly': False,\n                           'path': '/',\n                           'expiry': 1723499808,\n                           'secure': False})\n        driver.add_cookie({'name': '_ym_visorc',\n                           'value': 'b',\n                           'domain': '.yandex.ru',\n                           'httpOnly': False,\n                           'path': '/',\n                           'expiry': 1723499808,\n                           'secure': True})\n        driver.execute_script(\"arguments[0].scrollIntoView();\",\n                              sign_in_page.get_ya_ru_window_alternative_ways_to_sign_up())\n        driver.execute_script(\"arguments[0].click();\", sign_in_page.get_ya_ru_window_alternative_ways_to_sign_up())\n        sign_in_page.get_ya_ru_window_email_field().send_keys(credentials['ya.ru_email'])\n        sign_in_page.get_ya_ru_window_submit_button().click()\n        sign_in_page.get_ya_ru_window_password_field().send_keys(credentials['ya.ru_password'])\n        sign_in_page.get_ya_ru_window_submit_button().click()\n        sleep(5)\n        try:\n            sign_in_page.get_ya_ru_window_control_question_field()\n            sign_in_page.get_ya_ru_window_control_question_field().send_keys(credentials['ya.ru_question'])\n            sign_in_page.get_ya_ru_window_proceed_button().click()\n            print(f\"\\nПоявилось окно контрольного вопроса\")\n        except (NoSuchWindowException, NoSuchElementException):\n            print(f\"\\nНе появилось окно контрольного вопроса\")\n        driver.switch_to.window(driver.window_handles[0])\n>       sign_in_page.check_number_of_windows_to_be_equal(1)\n\ntests/test_sign_in/test_sign_in_page.py:223: \n_ _ _ _ _ _ _ _ _ _ _ _ _ _ _ _ _ _ _ _ _ _ _ _ _ _ _ _ _ _ _ _ _ _ _ _ _ _ _ _ \nbase/seleniumbase.py:197: in check_number_of_windows_to_be_equal\n    return self.__wait.until(EC.number_of_windows_to_be(number))\n_ _ _ _ _ _ _ _ _ _ _ _ _ _ _ _ _ _ _ _ _ _ _ _ _ _ _ _ _ _ _ _ _ _ _ _ _ _ _ _ \n\nself = <selenium.webdriver.support.wait.WebDriverWait (session=\"3666fd0804c764cd793d76289417d1d0\")>\nmethod = <function number_of_windows_to_be.<locals>._predicate at 0x7f35a97a6de0>\nmessage = ''\n\n    def until(self, method, message: str = \"\"):\n        \"\"\"Calls the method provided with the driver as an argument until the \\\n        return value does not evaluate to ``False``.\n    \n        :param method: callable(WebDriver)\n        :param message: optional message for :exc:`TimeoutException`\n        :returns: the result of the last call to `method`\n        :raises: :exc:`selenium.common.exceptions.TimeoutException` if timeout occurs\n        \"\"\"\n        screen = None\n        stacktrace = None\n    \n        end_time = time.monotonic() + self._timeout\n        while True:\n            try:\n                value = method(self._driver)\n                if value:\n                    return value\n            except self._ignored_exceptions as exc:\n                screen = getattr(exc, \"screen\", None)\n                stacktrace = getattr(exc, \"stacktrace\", None)\n            time.sleep(self._poll)\n            if time.monotonic() > end_time:\n                break\n>       raise TimeoutException(message, screen, stacktrace)\nE       selenium.common.exceptions.TimeoutException: Message:\n\n/usr/local/lib/python3.11/site-packages/selenium/webdriver/support/wait.py:95: TimeoutException","flaky":false,"newFailed":false,"newBroken":false,"newPassed":false,"retriesCount":0,"retriesStatusChange":false,"beforeStages":[{"name":"_session_faker","time":{"start":1692146196479,"stop":1692146196564,"duration":85},"status":"passed","steps":[],"attachments":[],"parameters":[],"stepsCount":0,"attachmentsCount":0,"shouldDisplayMessage":false,"hasContent":false},{"name":"clear_allure_results_folder","time":{"start":1692146196564,"stop":1692146196564,"duration":0},"status":"passed","steps":[],"attachments":[],"parameters":[],"stepsCount":0,"attachmentsCount":0,"shouldDisplayMessage":false,"hasContent":false},{"name":"driver","time":{"start":1692146295083,"stop":1692146295888,"duration":805},"status":"passed","steps":[],"attachments":[],"parameters":[],"stepsCount":0,"attachmentsCount":0,"shouldDisplayMessage":false,"hasContent":false},{"name":"sign_in_page","time":{"start":1692146295888,"stop":1692146302258,"duration":6370},"status":"passed","steps":[],"attachments":[],"parameters":[],"stepsCount":0,"attachmentsCount":0,"shouldDisplayMessage":false,"hasContent":false},{"name":"setup","time":{"start":1692146295888,"stop":1692146295888,"duration":0},"status":"passed","steps":[],"attachments":[],"parameters":[],"stepsCount":0,"attachmentsCount":0,"shouldDisplayMessage":false,"hasContent":false},{"name":"open_sign_in_window","time":{"start":1692146302258,"stop":1692146302661,"duration":403},"status":"passed","steps":[{"name":"Нахождение элемента: иконка профиля в хедере","time":{"start":1692146302258,"stop":1692146302274,"duration":16},"status":"passed","steps":[],"attachments":[],"parameters":[],"stepsCount":0,"attachmentsCount":0,"shouldDisplayMessage":false,"hasContent":false}],"attachments":[],"parameters":[],"stepsCount":1,"attachmentsCount":0,"shouldDisplayMessage":false,"hasContent":true}],"testStage":{"status":"skipped","statusMessage":"XFAIL Появляется капча Яндекса при запуске теста на Github\n\nselenium.common.exceptions.TimeoutException: Message:","statusTrace":"self = <tests.test_sign_in.test_sign_in_page.TestSignInPage object at 0x7f35a892f3d0>\ndriver = <selenium.webdriver.chrome.webdriver.WebDriver (session=\"3666fd0804c764cd793d76289417d1d0\")>\nsign_in_page = <pages.sign_in_page.SignInPage object at 0x7f35a898da10>\nopen_sign_in_window = None\n\n    @allure.title(\"Авторизация с помощью аккаунта ya.ru\")\n    @pytest.mark.xfail(reason=\"Появляется капча Яндекса при запуске теста на Github\")\n    @pytest.mark.smoke_test\n    def test_positive_authorization_first_time_using_YA_smoke(self, driver, sign_in_page, open_sign_in_window):\n        sign_in_page.get_ya_ru_auth_icon().click()\n        driver.switch_to.window(driver.window_handles[1])\n        # driver.delete_all_cookies()\n        driver.add_cookie({'name': 'uniqueuid',\n                           'value': '384528911692006899',\n                           'domain': 'passport.yandex.ru',\n                           'httpOnly': True,\n                           'path': '/',\n                           'expiry': 1723499808,\n                           'sameSite': 'Lax',\n                           'secure': True})\n        driver.add_cookie({'name': 'ymex',\n                           'value': '2007366920.yrts.1692006920#2007366900.yrtsi.1692006900',\n                           'domain': '.yandex.ru',\n                           'httpOnly': False,\n                           'path': '/',\n                           'expiry': 1723499808,\n                           'secure': True})\n        driver.add_cookie({'name': 'i',\n                           'value': 'rpEp6ASpcmkXAketS0UdMiVBT6ovBbPtyYRYZIsRWdkwRjrAU27Q2rmgTx58XJTCF6sreSZhfheTbJeEsS',\n                           'domain': '.yandex.ru',\n                           'httpOnly': True,\n                           'path': '/',\n                           'expiry': 1723499808,\n                           'secure': True})\n        driver.add_cookie({'name': 'yandexuid',\n                           'value': '5114601221692006901',\n                           'domain': '.yandex.ru',\n                           'httpOnly': False,\n                           'path': '/',\n                           'expiry': 1723499808,\n                           'secure': True})\n        driver.add_cookie({'name': 'yuidss',\n                           'value': '7640250911692006900',\n                           'domain': '.yandex.ru',\n                           'httpOnly': False,\n                           'path': '/',\n                           'expiry': 1723499808,\n                           'secure': True})\n        driver.add_cookie({'name': 'gdpr',\n                           'value': '0',\n                           'domain': '.yandex.ru',\n                           'httpOnly': False,\n                           'path': '/',\n                           'expiry': 1723499808,\n                           'secure': True})\n        driver.add_cookie({'name': '_ym_uid',\n                           'value': '169200690291832112',\n                           'domain': '.yandex.ru',\n                           'httpOnly': False,\n                           'path': '/',\n                           'expiry': 1723499808,\n                           'secure': True})\n        driver.add_cookie({'name': '_ym_d',\n                           'value': '1692006902',\n                           'domain': '.yandex.ru',\n                           'httpOnly': False,\n                           'path': '/',\n                           'expiry': 1723499808,\n                           'secure': True})\n        driver.add_cookie({'name': 'bh',\n                           'value': 'Ej8iTm90L0EpQnJhbmQiO3Y9Ijk5IiwiR29vZ2xlIENocm9tZSI7dj0iMTE1IiwiQ2hyb21pdW0iO3Y9IjExNSIaBSJ4ODYiIhAiMTE1LjAuNTc5MC4xMTAiKgI',\n                           'domain': 'yandex.ru',\n                           'httpOnly': False,\n                           'path': '/',\n                           'expiry': 1723499808,\n                           'secure': False})\n        driver.add_cookie({'name': '_ym_visorc',\n                           'value': 'b',\n                           'domain': '.yandex.ru',\n                           'httpOnly': False,\n                           'path': '/',\n                           'expiry': 1723499808,\n                           'secure': True})\n        driver.execute_script(\"arguments[0].scrollIntoView();\",\n                              sign_in_page.get_ya_ru_window_alternative_ways_to_sign_up())\n        driver.execute_script(\"arguments[0].click();\", sign_in_page.get_ya_ru_window_alternative_ways_to_sign_up())\n        sign_in_page.get_ya_ru_window_email_field().send_keys(credentials['ya.ru_email'])\n        sign_in_page.get_ya_ru_window_submit_button().click()\n        sign_in_page.get_ya_ru_window_password_field().send_keys(credentials['ya.ru_password'])\n        sign_in_page.get_ya_ru_window_submit_button().click()\n        sleep(5)\n        try:\n            sign_in_page.get_ya_ru_window_control_question_field()\n            sign_in_page.get_ya_ru_window_control_question_field().send_keys(credentials['ya.ru_question'])\n            sign_in_page.get_ya_ru_window_proceed_button().click()\n            print(f\"\\nПоявилось окно контрольного вопроса\")\n        except (NoSuchWindowException, NoSuchElementException):\n            print(f\"\\nНе появилось окно контрольного вопроса\")\n        driver.switch_to.window(driver.window_handles[0])\n>       sign_in_page.check_number_of_windows_to_be_equal(1)\n\ntests/test_sign_in/test_sign_in_page.py:223: \n_ _ _ _ _ _ _ _ _ _ _ _ _ _ _ _ _ _ _ _ _ _ _ _ _ _ _ _ _ _ _ _ _ _ _ _ _ _ _ _ \nbase/seleniumbase.py:197: in check_number_of_windows_to_be_equal\n    return self.__wait.until(EC.number_of_windows_to_be(number))\n_ _ _ _ _ _ _ _ _ _ _ _ _ _ _ _ _ _ _ _ _ _ _ _ _ _ _ _ _ _ _ _ _ _ _ _ _ _ _ _ \n\nself = <selenium.webdriver.support.wait.WebDriverWait (session=\"3666fd0804c764cd793d76289417d1d0\")>\nmethod = <function number_of_windows_to_be.<locals>._predicate at 0x7f35a97a6de0>\nmessage = ''\n\n    def until(self, method, message: str = \"\"):\n        \"\"\"Calls the method provided with the driver as an argument until the \\\n        return value does not evaluate to ``False``.\n    \n        :param method: callable(WebDriver)\n        :param message: optional message for :exc:`TimeoutException`\n        :returns: the result of the last call to `method`\n        :raises: :exc:`selenium.common.exceptions.TimeoutException` if timeout occurs\n        \"\"\"\n        screen = None\n        stacktrace = None\n    \n        end_time = time.monotonic() + self._timeout\n        while True:\n            try:\n                value = method(self._driver)\n                if value:\n                    return value\n            except self._ignored_exceptions as exc:\n                screen = getattr(exc, \"screen\", None)\n                stacktrace = getattr(exc, \"stacktrace\", None)\n            time.sleep(self._poll)\n            if time.monotonic() > end_time:\n                break\n>       raise TimeoutException(message, screen, stacktrace)\nE       selenium.common.exceptions.TimeoutException: Message:\n\n/usr/local/lib/python3.11/site-packages/selenium/webdriver/support/wait.py:95: TimeoutException","steps":[{"name":"Нахождение элемента: иконка 'ya.ru' окна авторизации","time":{"start":1692146302662,"stop":1692146302681,"duration":19},"status":"passed","steps":[],"attachments":[],"parameters":[],"stepsCount":0,"attachmentsCount":0,"shouldDisplayMessage":false,"hasContent":false},{"name":"Проверка кликабельности элемента: кнопка 'Другие способы входа' окна авторизации через 'ya.ru'","time":{"start":1692146306658,"stop":1692146306675,"duration":17},"status":"passed","steps":[],"attachments":[],"parameters":[],"stepsCount":0,"attachmentsCount":0,"shouldDisplayMessage":false,"hasContent":false},{"name":"Проверка кликабельности элемента: кнопка 'Другие способы входа' окна авторизации через 'ya.ru'","time":{"start":1692146306683,"stop":1692146306694,"duration":11},"status":"passed","steps":[],"attachments":[],"parameters":[],"stepsCount":0,"attachmentsCount":0,"shouldDisplayMessage":false,"hasContent":false},{"name":"Проверка кликабельности элемента: поле 'Email' окна авторизации через 'ya.ru'","time":{"start":1692146306751,"stop":1692146306848,"duration":97},"status":"passed","steps":[],"attachments":[],"parameters":[],"stepsCount":0,"attachmentsCount":0,"shouldDisplayMessage":false,"hasContent":false},{"name":"Нахождение элемента: кнопка 'Войти' окна авторизации через 'ya.ru'","time":{"start":1692146307048,"stop":1692146307076,"duration":28},"status":"passed","steps":[],"attachments":[],"parameters":[],"stepsCount":0,"attachmentsCount":0,"shouldDisplayMessage":false,"hasContent":false},{"name":"Проверка кликабельности элемента: поле 'Пароль' окна авторизации через 'ya.ru'","time":{"start":1692146307137,"stop":1692146307497,"duration":360},"status":"passed","steps":[],"attachments":[],"parameters":[],"stepsCount":0,"attachmentsCount":0,"shouldDisplayMessage":false,"hasContent":false},{"name":"Нахождение элемента: кнопка 'Войти' окна авторизации через 'ya.ru'","time":{"start":1692146307622,"stop":1692146307632,"duration":10},"status":"passed","steps":[],"attachments":[],"parameters":[],"stepsCount":0,"attachmentsCount":0,"shouldDisplayMessage":false,"hasContent":false},{"name":"Нахождение элемента: поле 'Ответ на контрольный вопрос' окна авторизации через 'ya.ru'","time":{"start":1692146312694,"stop":1692146312708,"duration":14},"status":"passed","steps":[],"attachments":[],"parameters":[],"stepsCount":0,"attachmentsCount":0,"shouldDisplayMessage":false,"hasContent":false},{"name":"Нахождение элемента: поле 'Ответ на контрольный вопрос' окна авторизации через 'ya.ru'","time":{"start":1692146312708,"stop":1692146312716,"duration":8},"status":"passed","steps":[],"attachments":[],"parameters":[],"stepsCount":0,"attachmentsCount":0,"shouldDisplayMessage":false,"hasContent":false},{"name":"Нахождение элемента: кнопка 'Продолжить' окна авторизации через 'ya.ru'","time":{"start":1692146312798,"stop":1692146312812,"duration":14},"status":"passed","steps":[],"attachments":[],"parameters":[],"stepsCount":0,"attachmentsCount":0,"shouldDisplayMessage":false,"hasContent":false}],"attachments":[{"uid":"4faaaafb9fa463e0","name":"Screenshot","source":"4faaaafb9fa463e0.png","type":"image/png","size":38590},{"uid":"10227a38d5e2c17b","name":"HTML source","source":"10227a38d5e2c17b.html","type":"text/html","size":398939}],"parameters":[],"stepsCount":10,"attachmentsCount":2,"shouldDisplayMessage":true,"hasContent":true},"afterStages":[{"name":"driver::0","time":{"start":1692146328171,"stop":1692146328247,"duration":76},"status":"passed","steps":[],"attachments":[],"parameters":[],"stepsCount":0,"attachmentsCount":0,"shouldDisplayMessage":false,"hasContent":false},{"name":"setup::0","time":{"start":1692146328171,"stop":1692146328171,"duration":0},"status":"passed","steps":[],"attachments":[],"parameters":[],"stepsCount":0,"attachmentsCount":0,"shouldDisplayMessage":false,"hasContent":false}],"labels":[{"name":"epic","value":"Sign In Page"},{"name":"tag","value":"smoke_test"},{"name":"tag","value":"@pytest.mark.xfail(reason='Появляется капча Яндекса при запуске теста на Github')"},{"name":"parentSuite","value":"tests.test_sign_in"},{"name":"suite","value":"test_sign_in_page"},{"name":"subSuite","value":"TestSignInPage"},{"name":"host","value":"d6981306d6f1"},{"name":"thread","value":"1-MainThread"},{"name":"framework","value":"pytest"},{"name":"language","value":"cpython3"},{"name":"package","value":"tests.test_sign_in.test_sign_in_page"},{"name":"resultFormat","value":"allure2"}],"parameters":[],"links":[],"hidden":false,"retry":false,"extra":{"severity":"normal","retries":[],"categories":[],"history":{"statistic":{"failed":0,"broken":0,"skipped":9,"passed":0,"unknown":0,"total":9},"items":[{"uid":"955da9e8cfb4998c","reportUrl":"https://victoretc.github.io/StroyremAutomation/43//#testresult/955da9e8cfb4998c","status":"skipped","statusDetails":"XFAIL Появляется капча Яндекса при запуске теста на Github\n\nselenium.common.exceptions.NoSuchElementException: Message: no such element: Unable to locate element: {\"method\":\"css selector\",\"selector\":\"button[data-t='button:clear']\"}\n  (Session info: headless chrome=115.0.5790.170); For documentation on this error, please visit: https://www.selenium.dev/documentation/webdriver/troubleshooting/errors#no-such-element-exception\nStacktrace:\n#0 0x562c9210c613 <unknown>\n#1 0x562c91e38537 <unknown>\n#2 0x562c91e76f53 <unknown>\n#3 0x562c91e77041 <unknown>\n#4 0x562c91eb22a4 <unknown>\n#5 0x562c91e97a5d <unknown>\n#6 0x562c91eafd09 <unknown>\n#7 0x562c91e97803 <unknown>\n#8 0x562c91e6b68b <unknown>\n#9 0x562c91e6c42e <unknown>\n#10 0x562c920cdc28 <unknown>\n#11 0x562c920d1af7 <unknown>\n#12 0x562c920dc01c <unknown>\n#13 0x562c920d2723 <unknown>\n#14 0x562c920a1457 <unknown>\n#15 0x562c920f6628 <unknown>\n#16 0x562c920f67b7 <unknown>\n#17 0x562c92105483 <unknown>\n#18 0x7f0f80399044 <unknown>","time":{"start":1692059947585,"stop":1692059952869,"duration":5284}},{"uid":"ba5ab1ccf63cfa59","reportUrl":"https://victoretc.github.io/StroyremAutomation/42//#testresult/ba5ab1ccf63cfa59","status":"skipped","statusDetails":"XFAIL хранение логинов/паролей не реализовано\n\nselenium.common.exceptions.TimeoutException: Message: \nStacktrace:\n#0 0x56035a531613 <unknown>\n#1 0x56035a25d537 <unknown>\n#2 0x56035a29bf53 <unknown>\n#3 0x56035a29c041 <unknown>\n#4 0x56035a2d72a4 <unknown>\n#5 0x56035a2bca5d <unknown>\n#6 0x56035a2d4d09 <unknown>\n#7 0x56035a2bc803 <unknown>\n#8 0x56035a29068b <unknown>\n#9 0x56035a29142e <unknown>\n#10 0x56035a4f2c28 <unknown>\n#11 0x56035a4f6af7 <unknown>\n#12 0x56035a50101c <unknown>\n#13 0x56035a4f7723 <unknown>\n#14 0x56035a4c6457 <unknown>\n#15 0x56035a51b628 <unknown>\n#16 0x56035a51b7b7 <unknown>\n#17 0x56035a52a483 <unknown>\n#18 0x7fd070783044 <unknown>","time":{"start":1691974380385,"stop":1691974395635,"duration":15250}},{"uid":"ee1b256283cf919e","reportUrl":"https://victoretc.github.io/StroyremAutomation/41//#testresult/ee1b256283cf919e","status":"skipped","statusDetails":"XFAIL хранение логинов/паролей не реализовано\n\nNameError: name 'credentials' is not defined","time":{"start":1691887893117,"stop":1691887897440,"duration":4323}},{"uid":"3708298934d1d4f0","reportUrl":"https://victoretc.github.io/StroyremAutomation/40//#testresult/3708298934d1d4f0","status":"skipped","statusDetails":"XFAIL хранение логинов/паролей не реализовано\n\nNameError: name 'credentials' is not defined","time":{"start":1691801445185,"stop":1691801451012,"duration":5827}},{"uid":"80b5c2cc4fd41253","reportUrl":"https://victoretc.github.io/StroyremAutomation/39//#testresult/80b5c2cc4fd41253","status":"skipped","statusDetails":"XFAIL хранение логинов/паролей не реализовано\n\nNameError: name 'credentials' is not defined","time":{"start":1691714772672,"stop":1691714776192,"duration":3520}},{"uid":"ab0ad7eb2100ec1f","reportUrl":"https://victoretc.github.io/StroyremAutomation/38//#testresult/ab0ad7eb2100ec1f","status":"skipped","statusDetails":"XFAIL хранение логинов/паролей не реализовано\n\nNameError: name 'credentials' is not defined","time":{"start":1691628928863,"stop":1691628932554,"duration":3691}},{"uid":"28e3ea77b41956a","reportUrl":"https://victoretc.github.io/StroyremAutomation/37//#testresult/28e3ea77b41956a","status":"skipped","statusDetails":"XFAIL хранение логинов/паролей не реализовано\n\nNameError: name 'credentials' is not defined","time":{"start":1691542675552,"stop":1691542681222,"duration":5670}},{"uid":"e8f2d2c62b2565f3","reportUrl":"https://victoretc.github.io/StroyremAutomation/36//#testresult/e8f2d2c62b2565f3","status":"skipped","statusDetails":"XFAIL хранение логинов/паролей не реализовано\n\nNameError: name 'credentials' is not defined","time":{"start":1691456108556,"stop":1691456113313,"duration":4757}}]},"tags":["@pytest.mark.xfail(reason='Появляется капча Яндекса при запуске теста на Github')","smoke_test"]},"source":"ecf13b620989ac01.json","parameterValues":[]}