{"uid":"ba5ab1ccf63cfa59","name":"Авторизация с помощью аккаунта ya.ru","fullName":"tests.test_sign_in.test_sign_in_page.TestSignInPage#test_positive_authorization_first_time_using_YA_smoke","historyId":"dad914aa68b78287aa131957fc42820c","time":{"start":1691974380385,"stop":1691974395635,"duration":15250},"status":"skipped","statusMessage":"XFAIL хранение логинов/паролей не реализовано\n\nselenium.common.exceptions.TimeoutException: Message: \nStacktrace:\n#0 0x56035a531613 <unknown>\n#1 0x56035a25d537 <unknown>\n#2 0x56035a29bf53 <unknown>\n#3 0x56035a29c041 <unknown>\n#4 0x56035a2d72a4 <unknown>\n#5 0x56035a2bca5d <unknown>\n#6 0x56035a2d4d09 <unknown>\n#7 0x56035a2bc803 <unknown>\n#8 0x56035a29068b <unknown>\n#9 0x56035a29142e <unknown>\n#10 0x56035a4f2c28 <unknown>\n#11 0x56035a4f6af7 <unknown>\n#12 0x56035a50101c <unknown>\n#13 0x56035a4f7723 <unknown>\n#14 0x56035a4c6457 <unknown>\n#15 0x56035a51b628 <unknown>\n#16 0x56035a51b7b7 <unknown>\n#17 0x56035a52a483 <unknown>\n#18 0x7fd070783044 <unknown>","statusTrace":"self = <tests.test_sign_in.test_sign_in_page.TestSignInPage object at 0x7f46d24aeb90>\ndriver = <selenium.webdriver.chrome.webdriver.WebDriver (session=\"6ff506c653261d54335be578879c1ed6\")>\nsign_in_page = <pages.sign_in_page.SignInPage object at 0x7f46d246a250>\nopen_sign_in_window = None\n\n    @allure.title(\"Авторизация с помощью аккаунта ya.ru\")\n    @pytest.mark.xfail(reason=\"хранение логинов/паролей не реализовано\")\n    @pytest.mark.smoke_test\n    def test_positive_authorization_first_time_using_YA_smoke(self, driver, sign_in_page, open_sign_in_window):\n        sign_in_page.get_ya_ru_auth_icon().click()\n        driver.switch_to.window(driver.window_handles[1])\n>       sign_in_page.get_ya_ru_window_alternative_ways_to_sign_up().click()\n\ntests/test_sign_in/test_sign_in_page.py:116: \n_ _ _ _ _ _ _ _ _ _ _ _ _ _ _ _ _ _ _ _ _ _ _ _ _ _ _ _ _ _ _ _ _ _ _ _ _ _ _ _ \npages/sign_in_page.py:189: in get_ya_ru_window_alternative_ways_to_sign_up\n    return self.element_is_clickable(self._ya_ru_window_alternative_ways_to_sign_up)\nbase/seleniumbase.py:90: in element_is_clickable\n    return self.__wait.until(EC.element_to_be_clickable(locator))\n_ _ _ _ _ _ _ _ _ _ _ _ _ _ _ _ _ _ _ _ _ _ _ _ _ _ _ _ _ _ _ _ _ _ _ _ _ _ _ _ \n\nself = <selenium.webdriver.support.wait.WebDriverWait (session=\"6ff506c653261d54335be578879c1ed6\")>\nmethod = <function element_to_be_clickable.<locals>._predicate at 0x7f46d2b0fe20>\nmessage = ''\n\n    def until(self, method, message: str = \"\"):\n        \"\"\"Calls the method provided with the driver as an argument until the \\\n        return value does not evaluate to ``False``.\n    \n        :param method: callable(WebDriver)\n        :param message: optional message for :exc:`TimeoutException`\n        :returns: the result of the last call to `method`\n        :raises: :exc:`selenium.common.exceptions.TimeoutException` if timeout occurs\n        \"\"\"\n        screen = None\n        stacktrace = None\n    \n        end_time = time.monotonic() + self._timeout\n        while True:\n            try:\n                value = method(self._driver)\n                if value:\n                    return value\n            except self._ignored_exceptions as exc:\n                screen = getattr(exc, \"screen\", None)\n                stacktrace = getattr(exc, \"stacktrace\", None)\n            time.sleep(self._poll)\n            if time.monotonic() > end_time:\n                break\n>       raise TimeoutException(message, screen, stacktrace)\nE       selenium.common.exceptions.TimeoutException: Message: \nE       Stacktrace:\nE       #0 0x56035a531613 <unknown>\nE       #1 0x56035a25d537 <unknown>\nE       #2 0x56035a29bf53 <unknown>\nE       #3 0x56035a29c041 <unknown>\nE       #4 0x56035a2d72a4 <unknown>\nE       #5 0x56035a2bca5d <unknown>\nE       #6 0x56035a2d4d09 <unknown>\nE       #7 0x56035a2bc803 <unknown>\nE       #8 0x56035a29068b <unknown>\nE       #9 0x56035a29142e <unknown>\nE       #10 0x56035a4f2c28 <unknown>\nE       #11 0x56035a4f6af7 <unknown>\nE       #12 0x56035a50101c <unknown>\nE       #13 0x56035a4f7723 <unknown>\nE       #14 0x56035a4c6457 <unknown>\nE       #15 0x56035a51b628 <unknown>\nE       #16 0x56035a51b7b7 <unknown>\nE       #17 0x56035a52a483 <unknown>\nE       #18 0x7fd070783044 <unknown>\n\n/usr/local/lib/python3.11/site-packages/selenium/webdriver/support/wait.py:95: TimeoutException","flaky":false,"newFailed":false,"newBroken":false,"newPassed":false,"retriesCount":0,"retriesStatusChange":false,"beforeStages":[{"name":"_session_faker","time":{"start":1691973459324,"stop":1691973459407,"duration":83},"status":"passed","steps":[],"attachments":[],"parameters":[],"stepsCount":0,"attachmentsCount":0,"shouldDisplayMessage":false,"hasContent":false},{"name":"clear_allure_results_folder","time":{"start":1691973459407,"stop":1691973459407,"duration":0},"status":"passed","steps":[],"attachments":[],"parameters":[],"stepsCount":0,"attachmentsCount":0,"shouldDisplayMessage":false,"hasContent":false},{"name":"driver","time":{"start":1691974369925,"stop":1691974370751,"duration":826},"status":"passed","steps":[],"attachments":[],"parameters":[],"stepsCount":0,"attachmentsCount":0,"shouldDisplayMessage":false,"hasContent":false},{"name":"setup","time":{"start":1691974370752,"stop":1691974370752,"duration":0},"status":"passed","steps":[],"attachments":[],"parameters":[],"stepsCount":0,"attachmentsCount":0,"shouldDisplayMessage":false,"hasContent":false},{"name":"sign_in_page","time":{"start":1691974370752,"stop":1691974379952,"duration":9200},"status":"passed","steps":[],"attachments":[],"parameters":[],"stepsCount":0,"attachmentsCount":0,"shouldDisplayMessage":false,"hasContent":false},{"name":"open_sign_in_window","time":{"start":1691974379953,"stop":1691974380385,"duration":432},"status":"passed","steps":[{"name":"Нахождение элемента: иконка профиля в хедере","time":{"start":1691974379953,"stop":1691974379972,"duration":19},"status":"passed","steps":[],"attachments":[],"parameters":[],"stepsCount":0,"attachmentsCount":0,"shouldDisplayMessage":false,"hasContent":false}],"attachments":[],"parameters":[],"stepsCount":1,"attachmentsCount":0,"shouldDisplayMessage":false,"hasContent":true}],"testStage":{"status":"skipped","statusMessage":"XFAIL хранение логинов/паролей не реализовано\n\nselenium.common.exceptions.TimeoutException: Message: \nStacktrace:\n#0 0x56035a531613 <unknown>\n#1 0x56035a25d537 <unknown>\n#2 0x56035a29bf53 <unknown>\n#3 0x56035a29c041 <unknown>\n#4 0x56035a2d72a4 <unknown>\n#5 0x56035a2bca5d <unknown>\n#6 0x56035a2d4d09 <unknown>\n#7 0x56035a2bc803 <unknown>\n#8 0x56035a29068b <unknown>\n#9 0x56035a29142e <unknown>\n#10 0x56035a4f2c28 <unknown>\n#11 0x56035a4f6af7 <unknown>\n#12 0x56035a50101c <unknown>\n#13 0x56035a4f7723 <unknown>\n#14 0x56035a4c6457 <unknown>\n#15 0x56035a51b628 <unknown>\n#16 0x56035a51b7b7 <unknown>\n#17 0x56035a52a483 <unknown>\n#18 0x7fd070783044 <unknown>","statusTrace":"self = <tests.test_sign_in.test_sign_in_page.TestSignInPage object at 0x7f46d24aeb90>\ndriver = <selenium.webdriver.chrome.webdriver.WebDriver (session=\"6ff506c653261d54335be578879c1ed6\")>\nsign_in_page = <pages.sign_in_page.SignInPage object at 0x7f46d246a250>\nopen_sign_in_window = None\n\n    @allure.title(\"Авторизация с помощью аккаунта ya.ru\")\n    @pytest.mark.xfail(reason=\"хранение логинов/паролей не реализовано\")\n    @pytest.mark.smoke_test\n    def test_positive_authorization_first_time_using_YA_smoke(self, driver, sign_in_page, open_sign_in_window):\n        sign_in_page.get_ya_ru_auth_icon().click()\n        driver.switch_to.window(driver.window_handles[1])\n>       sign_in_page.get_ya_ru_window_alternative_ways_to_sign_up().click()\n\ntests/test_sign_in/test_sign_in_page.py:116: \n_ _ _ _ _ _ _ _ _ _ _ _ _ _ _ _ _ _ _ _ _ _ _ _ _ _ _ _ _ _ _ _ _ _ _ _ _ _ _ _ \npages/sign_in_page.py:189: in get_ya_ru_window_alternative_ways_to_sign_up\n    return self.element_is_clickable(self._ya_ru_window_alternative_ways_to_sign_up)\nbase/seleniumbase.py:90: in element_is_clickable\n    return self.__wait.until(EC.element_to_be_clickable(locator))\n_ _ _ _ _ _ _ _ _ _ _ _ _ _ _ _ _ _ _ _ _ _ _ _ _ _ _ _ _ _ _ _ _ _ _ _ _ _ _ _ \n\nself = <selenium.webdriver.support.wait.WebDriverWait (session=\"6ff506c653261d54335be578879c1ed6\")>\nmethod = <function element_to_be_clickable.<locals>._predicate at 0x7f46d2b0fe20>\nmessage = ''\n\n    def until(self, method, message: str = \"\"):\n        \"\"\"Calls the method provided with the driver as an argument until the \\\n        return value does not evaluate to ``False``.\n    \n        :param method: callable(WebDriver)\n        :param message: optional message for :exc:`TimeoutException`\n        :returns: the result of the last call to `method`\n        :raises: :exc:`selenium.common.exceptions.TimeoutException` if timeout occurs\n        \"\"\"\n        screen = None\n        stacktrace = None\n    \n        end_time = time.monotonic() + self._timeout\n        while True:\n            try:\n                value = method(self._driver)\n                if value:\n                    return value\n            except self._ignored_exceptions as exc:\n                screen = getattr(exc, \"screen\", None)\n                stacktrace = getattr(exc, \"stacktrace\", None)\n            time.sleep(self._poll)\n            if time.monotonic() > end_time:\n                break\n>       raise TimeoutException(message, screen, stacktrace)\nE       selenium.common.exceptions.TimeoutException: Message: \nE       Stacktrace:\nE       #0 0x56035a531613 <unknown>\nE       #1 0x56035a25d537 <unknown>\nE       #2 0x56035a29bf53 <unknown>\nE       #3 0x56035a29c041 <unknown>\nE       #4 0x56035a2d72a4 <unknown>\nE       #5 0x56035a2bca5d <unknown>\nE       #6 0x56035a2d4d09 <unknown>\nE       #7 0x56035a2bc803 <unknown>\nE       #8 0x56035a29068b <unknown>\nE       #9 0x56035a29142e <unknown>\nE       #10 0x56035a4f2c28 <unknown>\nE       #11 0x56035a4f6af7 <unknown>\nE       #12 0x56035a50101c <unknown>\nE       #13 0x56035a4f7723 <unknown>\nE       #14 0x56035a4c6457 <unknown>\nE       #15 0x56035a51b628 <unknown>\nE       #16 0x56035a51b7b7 <unknown>\nE       #17 0x56035a52a483 <unknown>\nE       #18 0x7fd070783044 <unknown>\n\n/usr/local/lib/python3.11/site-packages/selenium/webdriver/support/wait.py:95: TimeoutException","steps":[{"name":"Нахождение элемента: иконка 'ya.ru' окна авторизации","time":{"start":1691974380386,"stop":1691974380418,"duration":32},"status":"passed","steps":[],"attachments":[],"parameters":[],"stepsCount":0,"attachmentsCount":0,"shouldDisplayMessage":false,"hasContent":false},{"name":"Проверка кликабельности элемента: кнопка 'Другие способы входа' окна авторизации через 'ya.ru'","time":{"start":1691974380497,"stop":1691974395634,"duration":15137},"status":"broken","statusMessage":"selenium.common.exceptions.TimeoutException: Message: \nStacktrace:\n#0 0x56035a531613 <unknown>\n#1 0x56035a25d537 <unknown>\n#2 0x56035a29bf53 <unknown>\n#3 0x56035a29c041 <unknown>\n#4 0x56035a2d72a4 <unknown>\n#5 0x56035a2bca5d <unknown>\n#6 0x56035a2d4d09 <unknown>\n#7 0x56035a2bc803 <unknown>\n#8 0x56035a29068b <unknown>\n#9 0x56035a29142e <unknown>\n#10 0x56035a4f2c28 <unknown>\n#11 0x56035a4f6af7 <unknown>\n#12 0x56035a50101c <unknown>\n#13 0x56035a4f7723 <unknown>\n#14 0x56035a4c6457 <unknown>\n#15 0x56035a51b628 <unknown>\n#16 0x56035a51b7b7 <unknown>\n#17 0x56035a52a483 <unknown>\n#18 0x7fd070783044 <unknown>\n\n","statusTrace":"  File \"/usr/local/lib/python3.11/site-packages/allure_commons/_allure.py\", line 192, in impl\n    return func(*a, **kw)\n           ^^^^^^^^^^^^^^\n  File \"/app/pages/sign_in_page.py\", line 189, in get_ya_ru_window_alternative_ways_to_sign_up\n    return self.element_is_clickable(self._ya_ru_window_alternative_ways_to_sign_up)\n           ^^^^^^^^^^^^^^^^^^^^^^^^^^^^^^^^^^^^^^^^^^^^^^^^^^^^^^^^^^^^^^^^^^^^^^^^^\n  File \"/app/base/seleniumbase.py\", line 90, in element_is_clickable\n    return self.__wait.until(EC.element_to_be_clickable(locator))\n           ^^^^^^^^^^^^^^^^^^^^^^^^^^^^^^^^^^^^^^^^^^^^^^^^^^^^^^\n  File \"/usr/local/lib/python3.11/site-packages/selenium/webdriver/support/wait.py\", line 95, in until\n    raise TimeoutException(message, screen, stacktrace)\n","steps":[],"attachments":[],"parameters":[],"stepsCount":0,"attachmentsCount":0,"shouldDisplayMessage":true,"hasContent":true}],"attachments":[{"uid":"4cc49d346c586291","name":"Screenshot","source":"4cc49d346c586291.png","type":"image/png","size":206870},{"uid":"5212a1bc836c8405","name":"HTML source","source":"5212a1bc836c8405.html","type":"text/html","size":35396}],"parameters":[],"stepsCount":2,"attachmentsCount":2,"shouldDisplayMessage":true,"hasContent":true},"afterStages":[{"name":"driver::0","time":{"start":1691974395809,"stop":1691974395880,"duration":71},"status":"passed","steps":[],"attachments":[],"parameters":[],"stepsCount":0,"attachmentsCount":0,"shouldDisplayMessage":false,"hasContent":false},{"name":"setup::0","time":{"start":1691974395809,"stop":1691974395809,"duration":0},"status":"passed","steps":[],"attachments":[],"parameters":[],"stepsCount":0,"attachmentsCount":0,"shouldDisplayMessage":false,"hasContent":false}],"labels":[{"name":"epic","value":"Sign In Page"},{"name":"tag","value":"smoke_test"},{"name":"tag","value":"@pytest.mark.xfail(reason='хранение логинов/паролей не реализовано')"},{"name":"parentSuite","value":"tests.test_sign_in"},{"name":"suite","value":"test_sign_in_page"},{"name":"subSuite","value":"TestSignInPage"},{"name":"host","value":"bf583a942dc2"},{"name":"thread","value":"1-MainThread"},{"name":"framework","value":"pytest"},{"name":"language","value":"cpython3"},{"name":"package","value":"tests.test_sign_in.test_sign_in_page"},{"name":"resultFormat","value":"allure2"}],"parameters":[],"links":[],"hidden":false,"retry":false,"extra":{"severity":"normal","retries":[],"categories":[],"history":{"statistic":{"failed":0,"broken":0,"skipped":7,"passed":0,"unknown":0,"total":7},"items":[{"uid":"ee1b256283cf919e","reportUrl":"https://victoretc.github.io/StroyremAutomation/41//#testresult/ee1b256283cf919e","status":"skipped","statusDetails":"XFAIL хранение логинов/паролей не реализовано\n\nNameError: name 'credentials' is not defined","time":{"start":1691887893117,"stop":1691887897440,"duration":4323}},{"uid":"3708298934d1d4f0","reportUrl":"https://victoretc.github.io/StroyremAutomation/40//#testresult/3708298934d1d4f0","status":"skipped","statusDetails":"XFAIL хранение логинов/паролей не реализовано\n\nNameError: name 'credentials' is not defined","time":{"start":1691801445185,"stop":1691801451012,"duration":5827}},{"uid":"80b5c2cc4fd41253","reportUrl":"https://victoretc.github.io/StroyremAutomation/39//#testresult/80b5c2cc4fd41253","status":"skipped","statusDetails":"XFAIL хранение логинов/паролей не реализовано\n\nNameError: name 'credentials' is not defined","time":{"start":1691714772672,"stop":1691714776192,"duration":3520}},{"uid":"ab0ad7eb2100ec1f","reportUrl":"https://victoretc.github.io/StroyremAutomation/38//#testresult/ab0ad7eb2100ec1f","status":"skipped","statusDetails":"XFAIL хранение логинов/паролей не реализовано\n\nNameError: name 'credentials' is not defined","time":{"start":1691628928863,"stop":1691628932554,"duration":3691}},{"uid":"28e3ea77b41956a","reportUrl":"https://victoretc.github.io/StroyremAutomation/37//#testresult/28e3ea77b41956a","status":"skipped","statusDetails":"XFAIL хранение логинов/паролей не реализовано\n\nNameError: name 'credentials' is not defined","time":{"start":1691542675552,"stop":1691542681222,"duration":5670}},{"uid":"e8f2d2c62b2565f3","reportUrl":"https://victoretc.github.io/StroyremAutomation/36//#testresult/e8f2d2c62b2565f3","status":"skipped","statusDetails":"XFAIL хранение логинов/паролей не реализовано\n\nNameError: name 'credentials' is not defined","time":{"start":1691456108556,"stop":1691456113313,"duration":4757}}]},"tags":["@pytest.mark.xfail(reason='хранение логинов/паролей не реализовано')","smoke_test"]},"source":"ba5ab1ccf63cfa59.json","parameterValues":[]}