{"uid":"90b59a0f4195dcde","name":"positive_check_discount_displayed_for_unauthorized_customer_for_amount_7500_9999rub_smoke","fullName":"tests.test_products_on_sale.test_products_on_sale_page.TestProductsOnSalePage#test_positive_check_discount_for_unauthorized_customer_for_amount_7500_9999rub_smoke","historyId":"1b0f7ad8d89bc0387b43367254f3fa4d","time":{"start":1692233255763,"stop":1692233268057,"duration":12294},"status":"broken","statusMessage":"selenium.common.exceptions.StaleElementReferenceException: Message: stale element reference: stale element not found\n  (Session info: headless chrome=116.0.5845.96); For documentation on this error, please visit: https://www.selenium.dev/documentation/webdriver/troubleshooting/errors#stale-element-reference-exception\nStacktrace:\n#0 0x565528e15e23 <unknown>\n#1 0x565528b3e7a7 <unknown>\n#2 0x565528b42d1e <unknown>\n#3 0x565528b44580 <unknown>\n#4 0x565528b4463c <unknown>\n#5 0x565528b7e8a2 <unknown>\n#6 0x565528b734f1 <unknown>\n#7 0x565528b9e012 <unknown>\n#8 0x565528b72fb6 <unknown>\n#9 0x565528b9e1de <unknown>\n#10 0x565528bb6369 <unknown>\n#11 0x565528b9dde3 <unknown>\n#12 0x565528b71a7b <unknown>\n#13 0x565528b7281e <unknown>\n#14 0x565528dd7638 <unknown>\n#15 0x565528ddb507 <unknown>\n#16 0x565528de5c4c <unknown>\n#17 0x565528ddc136 <unknown>\n#18 0x565528daa9cf <unknown>\n#19 0x565528dffb98 <unknown>\n#20 0x565528dffd68 <unknown>\n#21 0x565528e0ecb3 <unknown>\n#22 0x7fd283487044 <unknown>","statusTrace":"self = <test_products_on_sale_page.TestProductsOnSalePage object at 0x7f14ca894750>\ndriver = <selenium.webdriver.chrome.webdriver.WebDriver (session=\"de24b71cc132aa1ee67997f92f58b716\")>\nlink = 'https://test2.stroyrem-nn.ru/catalog/elektroinstrument'\n\n    @allure.title(\"positive_check_discount_displayed_for_unauthorized_customer_for_amount_7500_9999rub_smoke\")\n    @pytest.mark.parametrize('link', [f\"{MAIN_PAGE_PROD_URL}{ELECTROINSTRUMENT_PAGE_URL}\",\n                                      f\"{MAIN_PAGE_STAGE_URL}{ELECTROINSTRUMENT_PAGE_URL}\"])\n    @pytest.mark.smoke_test\n    def test_positive_check_discount_for_unauthorized_customer_for_amount_7500_9999rub_smoke(self, driver, link):\n        page = ProductsOnSale(driver)\n        driver.get(link)\n        page.get_in_stock_products_link().click()\n        page.get_field_price_first().send_keys(7500)\n        page.get_field_price_last().send_keys(9999)\n        page.get_in_stock_products_link().click()\n        time.sleep(1)\n        price = (float(page.get_pc_price().text[:-2].replace(' ', '')))\n>       page.get_add_to_cart_btn().click()\n\ntests/test_products_on_sale/test_products_on_sale_page.py:174: \n_ _ _ _ _ _ _ _ _ _ _ _ _ _ _ _ _ _ _ _ _ _ _ _ _ _ _ _ _ _ _ _ _ _ _ _ _ _ _ _ \n/usr/local/lib/python3.11/site-packages/selenium/webdriver/remote/webelement.py:94: in click\n    self._execute(Command.CLICK_ELEMENT)\n/usr/local/lib/python3.11/site-packages/selenium/webdriver/remote/webelement.py:395: in _execute\n    return self._parent.execute(command, params)\n/usr/local/lib/python3.11/site-packages/selenium/webdriver/remote/webdriver.py:346: in execute\n    self.error_handler.check_response(response)\n_ _ _ _ _ _ _ _ _ _ _ _ _ _ _ _ _ _ _ _ _ _ _ _ _ _ _ _ _ _ _ _ _ _ _ _ _ _ _ _ \n\nself = <selenium.webdriver.remote.errorhandler.ErrorHandler object at 0x7f14ca82e4d0>\nresponse = {'status': 404, 'value': '{\"value\":{\"error\":\"stale element reference\",\"message\":\"stale element reference: stale elemen...\\\\n#20 0x565528dffd68 \\\\u003Cunknown>\\\\n#21 0x565528e0ecb3 \\\\u003Cunknown>\\\\n#22 0x7fd283487044 \\\\u003Cunknown>\\\\n\"}}'}\n\n    def check_response(self, response: Dict[str, Any]) -> None:\n        \"\"\"Checks that a JSON response from the WebDriver does not have an\n        error.\n    \n        :Args:\n         - response - The JSON response from the WebDriver server as a dictionary\n           object.\n    \n        :Raises: If the response contains an error message.\n        \"\"\"\n        status = response.get(\"status\", None)\n        if not status or status == ErrorCode.SUCCESS:\n            return\n        value = None\n        message = response.get(\"message\", \"\")\n        screen: str = response.get(\"screen\", \"\")\n        stacktrace = None\n        if isinstance(status, int):\n            value_json = response.get(\"value\", None)\n            if value_json and isinstance(value_json, str):\n                import json\n    \n                try:\n                    value = json.loads(value_json)\n                    if len(value) == 1:\n                        value = value[\"value\"]\n                    status = value.get(\"error\", None)\n                    if not status:\n                        status = value.get(\"status\", ErrorCode.UNKNOWN_ERROR)\n                        message = value.get(\"value\") or value.get(\"message\")\n                        if not isinstance(message, str):\n                            value = message\n                            message = message.get(\"message\")\n                    else:\n                        message = value.get(\"message\", None)\n                except ValueError:\n                    pass\n    \n        exception_class: Type[WebDriverException]\n        if status in ErrorCode.NO_SUCH_ELEMENT:\n            exception_class = NoSuchElementException\n        elif status in ErrorCode.NO_SUCH_FRAME:\n            exception_class = NoSuchFrameException\n        elif status in ErrorCode.NO_SUCH_SHADOW_ROOT:\n            exception_class = NoSuchShadowRootException\n        elif status in ErrorCode.NO_SUCH_WINDOW:\n            exception_class = NoSuchWindowException\n        elif status in ErrorCode.STALE_ELEMENT_REFERENCE:\n            exception_class = StaleElementReferenceException\n        elif status in ErrorCode.ELEMENT_NOT_VISIBLE:\n            exception_class = ElementNotVisibleException\n        elif status in ErrorCode.INVALID_ELEMENT_STATE:\n            exception_class = InvalidElementStateException\n        elif (\n            status in ErrorCode.INVALID_SELECTOR\n            or status in ErrorCode.INVALID_XPATH_SELECTOR\n            or status in ErrorCode.INVALID_XPATH_SELECTOR_RETURN_TYPER\n        ):\n            exception_class = InvalidSelectorException\n        elif status in ErrorCode.ELEMENT_IS_NOT_SELECTABLE:\n            exception_class = ElementNotSelectableException\n        elif status in ErrorCode.ELEMENT_NOT_INTERACTABLE:\n            exception_class = ElementNotInteractableException\n        elif status in ErrorCode.INVALID_COOKIE_DOMAIN:\n            exception_class = InvalidCookieDomainException\n        elif status in ErrorCode.UNABLE_TO_SET_COOKIE:\n            exception_class = UnableToSetCookieException\n        elif status in ErrorCode.TIMEOUT:\n            exception_class = TimeoutException\n        elif status in ErrorCode.SCRIPT_TIMEOUT:\n            exception_class = TimeoutException\n        elif status in ErrorCode.UNKNOWN_ERROR:\n            exception_class = WebDriverException\n        elif status in ErrorCode.UNEXPECTED_ALERT_OPEN:\n            exception_class = UnexpectedAlertPresentException\n        elif status in ErrorCode.NO_ALERT_OPEN:\n            exception_class = NoAlertPresentException\n        elif status in ErrorCode.IME_NOT_AVAILABLE:\n            exception_class = ImeNotAvailableException\n        elif status in ErrorCode.IME_ENGINE_ACTIVATION_FAILED:\n            exception_class = ImeActivationFailedException\n        elif status in ErrorCode.MOVE_TARGET_OUT_OF_BOUNDS:\n            exception_class = MoveTargetOutOfBoundsException\n        elif status in ErrorCode.JAVASCRIPT_ERROR:\n            exception_class = JavascriptException\n        elif status in ErrorCode.SESSION_NOT_CREATED:\n            exception_class = SessionNotCreatedException\n        elif status in ErrorCode.INVALID_ARGUMENT:\n            exception_class = InvalidArgumentException\n        elif status in ErrorCode.NO_SUCH_COOKIE:\n            exception_class = NoSuchCookieException\n        elif status in ErrorCode.UNABLE_TO_CAPTURE_SCREEN:\n            exception_class = ScreenshotException\n        elif status in ErrorCode.ELEMENT_CLICK_INTERCEPTED:\n            exception_class = ElementClickInterceptedException\n        elif status in ErrorCode.INSECURE_CERTIFICATE:\n            exception_class = InsecureCertificateException\n        elif status in ErrorCode.INVALID_COORDINATES:\n            exception_class = InvalidCoordinatesException\n        elif status in ErrorCode.INVALID_SESSION_ID:\n            exception_class = InvalidSessionIdException\n        elif status in ErrorCode.UNKNOWN_METHOD:\n            exception_class = UnknownMethodException\n        else:\n            exception_class = WebDriverException\n        if not value:\n            value = response[\"value\"]\n        if isinstance(value, str):\n            raise exception_class(value)\n        if message == \"\" and \"message\" in value:\n            message = value[\"message\"]\n    \n        screen = None  # type: ignore[assignment]\n        if \"screen\" in value:\n            screen = value[\"screen\"]\n    \n        stacktrace = None\n        st_value = value.get(\"stackTrace\") or value.get(\"stacktrace\")\n        if st_value:\n            if isinstance(st_value, str):\n                stacktrace = st_value.split(\"\\n\")\n            else:\n                stacktrace = []\n                try:\n                    for frame in st_value:\n                        line = frame.get(\"lineNumber\", \"\")\n                        file = frame.get(\"fileName\", \"<anonymous>\")\n                        if line:\n                            file = f\"{file}:{line}\"\n                        meth = frame.get(\"methodName\", \"<anonymous>\")\n                        if \"className\" in frame:\n                            meth = f\"{frame['className']}.{meth}\"\n                        msg = \"    at %s (%s)\"\n                        msg = msg % (meth, file)\n                        stacktrace.append(msg)\n                except TypeError:\n                    pass\n        if exception_class == UnexpectedAlertPresentException:\n            alert_text = None\n            if \"data\" in value:\n                alert_text = value[\"data\"].get(\"text\")\n            elif \"alert\" in value:\n                alert_text = value[\"alert\"].get(\"text\")\n            raise exception_class(message, screen, stacktrace, alert_text)  # type: ignore[call-arg]  # mypy is not smart enough here\n>       raise exception_class(message, screen, stacktrace)\nE       selenium.common.exceptions.StaleElementReferenceException: Message: stale element reference: stale element not found\nE         (Session info: headless chrome=116.0.5845.96); For documentation on this error, please visit: https://www.selenium.dev/documentation/webdriver/troubleshooting/errors#stale-element-reference-exception\nE       Stacktrace:\nE       #0 0x565528e15e23 <unknown>\nE       #1 0x565528b3e7a7 <unknown>\nE       #2 0x565528b42d1e <unknown>\nE       #3 0x565528b44580 <unknown>\nE       #4 0x565528b4463c <unknown>\nE       #5 0x565528b7e8a2 <unknown>\nE       #6 0x565528b734f1 <unknown>\nE       #7 0x565528b9e012 <unknown>\nE       #8 0x565528b72fb6 <unknown>\nE       #9 0x565528b9e1de <unknown>\nE       #10 0x565528bb6369 <unknown>\nE       #11 0x565528b9dde3 <unknown>\nE       #12 0x565528b71a7b <unknown>\nE       #13 0x565528b7281e <unknown>\nE       #14 0x565528dd7638 <unknown>\nE       #15 0x565528ddb507 <unknown>\nE       #16 0x565528de5c4c <unknown>\nE       #17 0x565528ddc136 <unknown>\nE       #18 0x565528daa9cf <unknown>\nE       #19 0x565528dffb98 <unknown>\nE       #20 0x565528dffd68 <unknown>\nE       #21 0x565528e0ecb3 <unknown>\nE       #22 0x7fd283487044 <unknown>\n\n/usr/local/lib/python3.11/site-packages/selenium/webdriver/remote/errorhandler.py:245: StaleElementReferenceException","flaky":false,"newFailed":false,"newBroken":false,"newPassed":false,"retriesCount":0,"retriesStatusChange":false,"beforeStages":[{"name":"_session_faker","time":{"start":1692232569024,"stop":1692232569105,"duration":81},"status":"passed","steps":[],"attachments":[],"parameters":[],"stepsCount":0,"attachmentsCount":0,"shouldDisplayMessage":false,"hasContent":false},{"name":"clear_allure_results_folder","time":{"start":1692232569105,"stop":1692232569106,"duration":1},"status":"passed","steps":[],"attachments":[],"parameters":[],"stepsCount":0,"attachmentsCount":0,"shouldDisplayMessage":false,"hasContent":false},{"name":"driver","time":{"start":1692233254942,"stop":1692233255762,"duration":820},"status":"passed","steps":[],"attachments":[],"parameters":[],"stepsCount":0,"attachmentsCount":0,"shouldDisplayMessage":false,"hasContent":false},{"name":"setup","time":{"start":1692233255762,"stop":1692233255762,"duration":0},"status":"passed","steps":[],"attachments":[],"parameters":[],"stepsCount":0,"attachmentsCount":0,"shouldDisplayMessage":false,"hasContent":false}],"testStage":{"status":"broken","statusMessage":"selenium.common.exceptions.StaleElementReferenceException: Message: stale element reference: stale element not found\n  (Session info: headless chrome=116.0.5845.96); For documentation on this error, please visit: https://www.selenium.dev/documentation/webdriver/troubleshooting/errors#stale-element-reference-exception\nStacktrace:\n#0 0x565528e15e23 <unknown>\n#1 0x565528b3e7a7 <unknown>\n#2 0x565528b42d1e <unknown>\n#3 0x565528b44580 <unknown>\n#4 0x565528b4463c <unknown>\n#5 0x565528b7e8a2 <unknown>\n#6 0x565528b734f1 <unknown>\n#7 0x565528b9e012 <unknown>\n#8 0x565528b72fb6 <unknown>\n#9 0x565528b9e1de <unknown>\n#10 0x565528bb6369 <unknown>\n#11 0x565528b9dde3 <unknown>\n#12 0x565528b71a7b <unknown>\n#13 0x565528b7281e <unknown>\n#14 0x565528dd7638 <unknown>\n#15 0x565528ddb507 <unknown>\n#16 0x565528de5c4c <unknown>\n#17 0x565528ddc136 <unknown>\n#18 0x565528daa9cf <unknown>\n#19 0x565528dffb98 <unknown>\n#20 0x565528dffd68 <unknown>\n#21 0x565528e0ecb3 <unknown>\n#22 0x7fd283487044 <unknown>","statusTrace":"self = <test_products_on_sale_page.TestProductsOnSalePage object at 0x7f14ca894750>\ndriver = <selenium.webdriver.chrome.webdriver.WebDriver (session=\"de24b71cc132aa1ee67997f92f58b716\")>\nlink = 'https://test2.stroyrem-nn.ru/catalog/elektroinstrument'\n\n    @allure.title(\"positive_check_discount_displayed_for_unauthorized_customer_for_amount_7500_9999rub_smoke\")\n    @pytest.mark.parametrize('link', [f\"{MAIN_PAGE_PROD_URL}{ELECTROINSTRUMENT_PAGE_URL}\",\n                                      f\"{MAIN_PAGE_STAGE_URL}{ELECTROINSTRUMENT_PAGE_URL}\"])\n    @pytest.mark.smoke_test\n    def test_positive_check_discount_for_unauthorized_customer_for_amount_7500_9999rub_smoke(self, driver, link):\n        page = ProductsOnSale(driver)\n        driver.get(link)\n        page.get_in_stock_products_link().click()\n        page.get_field_price_first().send_keys(7500)\n        page.get_field_price_last().send_keys(9999)\n        page.get_in_stock_products_link().click()\n        time.sleep(1)\n        price = (float(page.get_pc_price().text[:-2].replace(' ', '')))\n>       page.get_add_to_cart_btn().click()\n\ntests/test_products_on_sale/test_products_on_sale_page.py:174: \n_ _ _ _ _ _ _ _ _ _ _ _ _ _ _ _ _ _ _ _ _ _ _ _ _ _ _ _ _ _ _ _ _ _ _ _ _ _ _ _ \n/usr/local/lib/python3.11/site-packages/selenium/webdriver/remote/webelement.py:94: in click\n    self._execute(Command.CLICK_ELEMENT)\n/usr/local/lib/python3.11/site-packages/selenium/webdriver/remote/webelement.py:395: in _execute\n    return self._parent.execute(command, params)\n/usr/local/lib/python3.11/site-packages/selenium/webdriver/remote/webdriver.py:346: in execute\n    self.error_handler.check_response(response)\n_ _ _ _ _ _ _ _ _ _ _ _ _ _ _ _ _ _ _ _ _ _ _ _ _ _ _ _ _ _ _ _ _ _ _ _ _ _ _ _ \n\nself = <selenium.webdriver.remote.errorhandler.ErrorHandler object at 0x7f14ca82e4d0>\nresponse = {'status': 404, 'value': '{\"value\":{\"error\":\"stale element reference\",\"message\":\"stale element reference: stale elemen...\\\\n#20 0x565528dffd68 \\\\u003Cunknown>\\\\n#21 0x565528e0ecb3 \\\\u003Cunknown>\\\\n#22 0x7fd283487044 \\\\u003Cunknown>\\\\n\"}}'}\n\n    def check_response(self, response: Dict[str, Any]) -> None:\n        \"\"\"Checks that a JSON response from the WebDriver does not have an\n        error.\n    \n        :Args:\n         - response - The JSON response from the WebDriver server as a dictionary\n           object.\n    \n        :Raises: If the response contains an error message.\n        \"\"\"\n        status = response.get(\"status\", None)\n        if not status or status == ErrorCode.SUCCESS:\n            return\n        value = None\n        message = response.get(\"message\", \"\")\n        screen: str = response.get(\"screen\", \"\")\n        stacktrace = None\n        if isinstance(status, int):\n            value_json = response.get(\"value\", None)\n            if value_json and isinstance(value_json, str):\n                import json\n    \n                try:\n                    value = json.loads(value_json)\n                    if len(value) == 1:\n                        value = value[\"value\"]\n                    status = value.get(\"error\", None)\n                    if not status:\n                        status = value.get(\"status\", ErrorCode.UNKNOWN_ERROR)\n                        message = value.get(\"value\") or value.get(\"message\")\n                        if not isinstance(message, str):\n                            value = message\n                            message = message.get(\"message\")\n                    else:\n                        message = value.get(\"message\", None)\n                except ValueError:\n                    pass\n    \n        exception_class: Type[WebDriverException]\n        if status in ErrorCode.NO_SUCH_ELEMENT:\n            exception_class = NoSuchElementException\n        elif status in ErrorCode.NO_SUCH_FRAME:\n            exception_class = NoSuchFrameException\n        elif status in ErrorCode.NO_SUCH_SHADOW_ROOT:\n            exception_class = NoSuchShadowRootException\n        elif status in ErrorCode.NO_SUCH_WINDOW:\n            exception_class = NoSuchWindowException\n        elif status in ErrorCode.STALE_ELEMENT_REFERENCE:\n            exception_class = StaleElementReferenceException\n        elif status in ErrorCode.ELEMENT_NOT_VISIBLE:\n            exception_class = ElementNotVisibleException\n        elif status in ErrorCode.INVALID_ELEMENT_STATE:\n            exception_class = InvalidElementStateException\n        elif (\n            status in ErrorCode.INVALID_SELECTOR\n            or status in ErrorCode.INVALID_XPATH_SELECTOR\n            or status in ErrorCode.INVALID_XPATH_SELECTOR_RETURN_TYPER\n        ):\n            exception_class = InvalidSelectorException\n        elif status in ErrorCode.ELEMENT_IS_NOT_SELECTABLE:\n            exception_class = ElementNotSelectableException\n        elif status in ErrorCode.ELEMENT_NOT_INTERACTABLE:\n            exception_class = ElementNotInteractableException\n        elif status in ErrorCode.INVALID_COOKIE_DOMAIN:\n            exception_class = InvalidCookieDomainException\n        elif status in ErrorCode.UNABLE_TO_SET_COOKIE:\n            exception_class = UnableToSetCookieException\n        elif status in ErrorCode.TIMEOUT:\n            exception_class = TimeoutException\n        elif status in ErrorCode.SCRIPT_TIMEOUT:\n            exception_class = TimeoutException\n        elif status in ErrorCode.UNKNOWN_ERROR:\n            exception_class = WebDriverException\n        elif status in ErrorCode.UNEXPECTED_ALERT_OPEN:\n            exception_class = UnexpectedAlertPresentException\n        elif status in ErrorCode.NO_ALERT_OPEN:\n            exception_class = NoAlertPresentException\n        elif status in ErrorCode.IME_NOT_AVAILABLE:\n            exception_class = ImeNotAvailableException\n        elif status in ErrorCode.IME_ENGINE_ACTIVATION_FAILED:\n            exception_class = ImeActivationFailedException\n        elif status in ErrorCode.MOVE_TARGET_OUT_OF_BOUNDS:\n            exception_class = MoveTargetOutOfBoundsException\n        elif status in ErrorCode.JAVASCRIPT_ERROR:\n            exception_class = JavascriptException\n        elif status in ErrorCode.SESSION_NOT_CREATED:\n            exception_class = SessionNotCreatedException\n        elif status in ErrorCode.INVALID_ARGUMENT:\n            exception_class = InvalidArgumentException\n        elif status in ErrorCode.NO_SUCH_COOKIE:\n            exception_class = NoSuchCookieException\n        elif status in ErrorCode.UNABLE_TO_CAPTURE_SCREEN:\n            exception_class = ScreenshotException\n        elif status in ErrorCode.ELEMENT_CLICK_INTERCEPTED:\n            exception_class = ElementClickInterceptedException\n        elif status in ErrorCode.INSECURE_CERTIFICATE:\n            exception_class = InsecureCertificateException\n        elif status in ErrorCode.INVALID_COORDINATES:\n            exception_class = InvalidCoordinatesException\n        elif status in ErrorCode.INVALID_SESSION_ID:\n            exception_class = InvalidSessionIdException\n        elif status in ErrorCode.UNKNOWN_METHOD:\n            exception_class = UnknownMethodException\n        else:\n            exception_class = WebDriverException\n        if not value:\n            value = response[\"value\"]\n        if isinstance(value, str):\n            raise exception_class(value)\n        if message == \"\" and \"message\" in value:\n            message = value[\"message\"]\n    \n        screen = None  # type: ignore[assignment]\n        if \"screen\" in value:\n            screen = value[\"screen\"]\n    \n        stacktrace = None\n        st_value = value.get(\"stackTrace\") or value.get(\"stacktrace\")\n        if st_value:\n            if isinstance(st_value, str):\n                stacktrace = st_value.split(\"\\n\")\n            else:\n                stacktrace = []\n                try:\n                    for frame in st_value:\n                        line = frame.get(\"lineNumber\", \"\")\n                        file = frame.get(\"fileName\", \"<anonymous>\")\n                        if line:\n                            file = f\"{file}:{line}\"\n                        meth = frame.get(\"methodName\", \"<anonymous>\")\n                        if \"className\" in frame:\n                            meth = f\"{frame['className']}.{meth}\"\n                        msg = \"    at %s (%s)\"\n                        msg = msg % (meth, file)\n                        stacktrace.append(msg)\n                except TypeError:\n                    pass\n        if exception_class == UnexpectedAlertPresentException:\n            alert_text = None\n            if \"data\" in value:\n                alert_text = value[\"data\"].get(\"text\")\n            elif \"alert\" in value:\n                alert_text = value[\"alert\"].get(\"text\")\n            raise exception_class(message, screen, stacktrace, alert_text)  # type: ignore[call-arg]  # mypy is not smart enough here\n>       raise exception_class(message, screen, stacktrace)\nE       selenium.common.exceptions.StaleElementReferenceException: Message: stale element reference: stale element not found\nE         (Session info: headless chrome=116.0.5845.96); For documentation on this error, please visit: https://www.selenium.dev/documentation/webdriver/troubleshooting/errors#stale-element-reference-exception\nE       Stacktrace:\nE       #0 0x565528e15e23 <unknown>\nE       #1 0x565528b3e7a7 <unknown>\nE       #2 0x565528b42d1e <unknown>\nE       #3 0x565528b44580 <unknown>\nE       #4 0x565528b4463c <unknown>\nE       #5 0x565528b7e8a2 <unknown>\nE       #6 0x565528b734f1 <unknown>\nE       #7 0x565528b9e012 <unknown>\nE       #8 0x565528b72fb6 <unknown>\nE       #9 0x565528b9e1de <unknown>\nE       #10 0x565528bb6369 <unknown>\nE       #11 0x565528b9dde3 <unknown>\nE       #12 0x565528b71a7b <unknown>\nE       #13 0x565528b7281e <unknown>\nE       #14 0x565528dd7638 <unknown>\nE       #15 0x565528ddb507 <unknown>\nE       #16 0x565528de5c4c <unknown>\nE       #17 0x565528ddc136 <unknown>\nE       #18 0x565528daa9cf <unknown>\nE       #19 0x565528dffb98 <unknown>\nE       #20 0x565528dffd68 <unknown>\nE       #21 0x565528e0ecb3 <unknown>\nE       #22 0x7fd283487044 <unknown>\n\n/usr/local/lib/python3.11/site-packages/selenium/webdriver/remote/errorhandler.py:245: StaleElementReferenceException","steps":[{"name":"Проверяем видимость кнопки 'На складе'","time":{"start":1692233265776,"stop":1692233265854,"duration":78},"status":"passed","steps":[],"attachments":[],"parameters":[],"stepsCount":0,"attachmentsCount":0,"shouldDisplayMessage":false,"hasContent":false},{"name":"Проверяем видимость поля 'ЦЕНА от'","time":{"start":1692233265923,"stop":1692233265978,"duration":55},"status":"passed","steps":[],"attachments":[],"parameters":[],"stepsCount":0,"attachmentsCount":0,"shouldDisplayMessage":false,"hasContent":false},{"name":"Проверяем видимость поля 'ЦЕНА до'","time":{"start":1692233266063,"stop":1692233266128,"duration":65},"status":"passed","steps":[],"attachments":[],"parameters":[],"stepsCount":0,"attachmentsCount":0,"shouldDisplayMessage":false,"hasContent":false},{"name":"Проверяем видимость кнопки 'На складе'","time":{"start":1692233266189,"stop":1692233266240,"duration":51},"status":"passed","steps":[],"attachments":[],"parameters":[],"stepsCount":0,"attachmentsCount":0,"shouldDisplayMessage":false,"hasContent":false},{"name":"Проверяем видимость цены товара","time":{"start":1692233267882,"stop":1692233267957,"duration":75},"status":"passed","steps":[],"attachments":[],"parameters":[],"stepsCount":0,"attachmentsCount":0,"shouldDisplayMessage":false,"hasContent":false},{"name":"Проверяем видимость кнопки 'В корзину'","time":{"start":1692233267974,"stop":1692233268014,"duration":40},"status":"passed","steps":[],"attachments":[],"parameters":[],"stepsCount":0,"attachmentsCount":0,"shouldDisplayMessage":false,"hasContent":false}],"attachments":[{"uid":"dd66ce06af572156","name":"Screenshot","source":"dd66ce06af572156.png","type":"image/png","size":74383},{"uid":"3795b953abe85646","name":"HTML source","source":"3795b953abe85646.html","type":"text/html","size":556761}],"parameters":[],"stepsCount":6,"attachmentsCount":2,"shouldDisplayMessage":true,"hasContent":true},"afterStages":[{"name":"driver::0","time":{"start":1692233268331,"stop":1692233268412,"duration":81},"status":"passed","steps":[],"attachments":[],"parameters":[],"stepsCount":0,"attachmentsCount":0,"shouldDisplayMessage":false,"hasContent":false},{"name":"setup::0","time":{"start":1692233268331,"stop":1692233268331,"duration":0},"status":"passed","steps":[],"attachments":[],"parameters":[],"stepsCount":0,"attachmentsCount":0,"shouldDisplayMessage":false,"hasContent":false}],"labels":[{"name":"epic","value":"Products On SalePage"},{"name":"tag","value":"smoke_test"},{"name":"parentSuite","value":"tests.test_products_on_sale"},{"name":"suite","value":"test_products_on_sale_page"},{"name":"subSuite","value":"TestProductsOnSalePage"},{"name":"host","value":"e18b7b76cf04"},{"name":"thread","value":"1-MainThread"},{"name":"framework","value":"pytest"},{"name":"language","value":"cpython3"},{"name":"package","value":"tests.test_products_on_sale.test_products_on_sale_page"},{"name":"resultFormat","value":"allure2"}],"parameters":[{"name":"link","value":"'https://test2.stroyrem-nn.ru/catalog/elektroinstrument'"}],"links":[],"hidden":false,"retry":false,"extra":{"severity":"normal","retries":[],"categories":[{"name":"Test defects","matchedStatuses":[],"flaky":false}],"tags":["smoke_test"]},"source":"90b59a0f4195dcde.json","parameterValues":["'https://test2.stroyrem-nn.ru/catalog/elektroinstrument'"]}